<?xml version="1.0" encoding="UTF-8"?>
<!-- Generated by org.testng.reporters.JUnitReportReporter -->
<testsuite hostname="DESKTOP-EDQM8R1" failures="0" tests="1" name="com.Jenkins.com.Jenkins.FreestyleProject" time="0.042" errors="0" timestamp="2021-07-21T21:23:49 CDT" skipped="0">
  <testcase classname="com.Jenkins.com.Jenkins.FreestyleProject" name="checkPageTitle" time="0.042"/>
  <system-out/>
</testsuite> <!-- com.Jenkins.com.Jenkins.FreestyleProject -->
